<?xml version="1.0" encoding="UTF-8"?>
<!-- Generated by org.testng.reporters.JUnitReportReporter -->
<testsuite hostname="RAroraMMOBI.local" name="com.arorarajan.interviewprep.api.JsonPlaceHolderTest" tests="1" failures="0" timestamp="4 Nov 2014 06:56:08 GMT" time="0.231" errors="0">
  <testcase name="jsonPlaceHolderTest" time="0.231" classname="com.arorarajan.interviewprep.api.JsonPlaceHolderTest"/>
</testsuite> <!-- com.arorarajan.interviewprep.api.JsonPlaceHolderTest -->
